State 38 conflicts: 14 shift/reduce, 1 reduce/reduce
State 40 conflicts: 14 shift/reduce, 1 reduce/reduce
State 44 conflicts: 1 shift/reduce
State 51 conflicts: 14 shift/reduce, 4 reduce/reduce
State 69 conflicts: 14 shift/reduce, 1 reduce/reduce
State 120 conflicts: 4 shift/reduce
State 121 conflicts: 4 shift/reduce
State 122 conflicts: 4 shift/reduce
State 123 conflicts: 4 shift/reduce
State 125 conflicts: 1 shift/reduce
State 126 conflicts: 1 shift/reduce
State 135 conflicts: 14 shift/reduce
State 147 conflicts: 14 shift/reduce
State 149 conflicts: 14 shift/reduce
State 167 conflicts: 2 shift/reduce
State 168 conflicts: 2 shift/reduce
State 181 conflicts: 1 shift/reduce
State 191 conflicts: 1 shift/reduce
State 202 conflicts: 1 shift/reduce
State 214 conflicts: 14 shift/reduce
State 222 conflicts: 1 shift/reduce
State 226 conflicts: 14 shift/reduce, 4 reduce/reduce
State 227 conflicts: 14 shift/reduce, 2 reduce/reduce
State 230 conflicts: 14 shift/reduce


Grammar

    0 $accept: input $end

    1 input: libraries procedure_main_is function_list

    2 libraries: library libraries
    3          | %empty

    4 library: INCLUDE LEFT_ANGLE_BRACKET name DOT name RIGHT_ANGLE_BRACKET

    5 procedure_main_is: linefeed
    6                  | %empty

    7 function_list: function function_list
    8              | %empty

    9 function: type name LEFT_ROUND_BRACKET argument_list RIGHT_ROUND_BRACKET LEFT_CURLY_BRACKET statements RIGHT_CURLY_BRACKET
   10         | VOID_TYPE name LEFT_ROUND_BRACKET argument_list RIGHT_ROUND_BRACKET LEFT_CURLY_BRACKET statements RIGHT_CURLY_BRACKET

   11 argument_list: argument COMMA argument_list
   12              | argument

   13 argument: type name
   14         | %empty

   15 expression: LEFT_ROUND_BRACKET expression RIGHT_ROUND_BRACKET
   16           | expression PLUS expression
   17           | expression MINUS expression
   18           | expression MULTIPLY expression
   19           | expression DIVIDE expression
   20           | NUMBER
   21           | name
   22           | TRUE_STR
   23           | FALSE_STR

   24 name: NAME

   25 number: NUMBER

   26 type: INT_TYPE
   27     | DOUBLE_TYPE
   28     | FLOAT_TYPE
   29     | CHAR_TYPE
   30     | STRING_TYPE
   31     | BOOL_TYPE

   32 statements: statement statements
   33           | %empty

   34 statement: variable
   35          | name PLUS PLUS SEMICOLON
   36          | name MINUS MINUS SEMICOLON
   37          | name EQUALS expression SEMICOLON
   38          | name PLUS EQUALS expression SEMICOLON
   39          | name MINUS EQUALS expression SEMICOLON
   40          | name MULTIPLY EQUALS expression SEMICOLON
   41          | name DIVIDE EQUALS expression SEMICOLON
   42          | PRINTF LEFT_ROUND_BRACKET QUOTE name QUOTE RIGHT_ROUND_BRACKET SEMICOLON
   43          | PRINTF LEFT_ROUND_BRACKET QUOTE number QUOTE RIGHT_ROUND_BRACKET SEMICOLON
   44          | while
   45          | if
   46          | do_while
   47          | for
   48          | switch
   49          | return_statement

   50 return_statement: %empty
   51                 | RETURN expression SEMICOLON
   52                 | RETURN SEMICOLON

   53 variable: type name SEMICOLON
   54         | type name EQUALS expression SEMICOLON

   55 statement_with_or_without_brackets: LEFT_CURLY_BRACKET statements RIGHT_CURLY_BRACKET
   56                                   | statement

   57 while: WHILE LEFT_ROUND_BRACKET conditions RIGHT_ROUND_BRACKET statement_with_or_without_brackets

   58 conditions: LEFT_ROUND_BRACKET conditions RIGHT_ROUND_BRACKET
   59           | conditions AND conditions
   60           | conditions OR conditions
   61           | condition

   62 condition: expression
   63          | name condition_operand expression
   64          | LEFT_ROUND_BRACKET name RIGHT_ROUND_BRACKET condition_operand expression
   65          | LEFT_ROUND_BRACKET name RIGHT_ROUND_BRACKET condition_operand LEFT_ROUND_BRACKET name RIGHT_ROUND_BRACKET
   66          | name condition_operand LEFT_ROUND_BRACKET name RIGHT_ROUND_BRACKET
   67          | QUOTE name QUOTE

   68 condition_operand: GREATER_EQUAL
   69                  | LESS_EQUAL
   70                  | EQUAL_EQUAL
   71                  | NOT_EQUAL
   72                  | LEFT_ANGLE_BRACKET
   73                  | RIGHT_ANGLE_BRACKET

   74 if: IF LEFT_ROUND_BRACKET conditions RIGHT_ROUND_BRACKET statement_with_or_without_brackets else_ifs
   75   | IF LEFT_ROUND_BRACKET conditions RIGHT_ROUND_BRACKET statement_with_or_without_brackets else_ifs ELSE statement_with_or_without_brackets

   76 else_ifs: ELSEIF LEFT_ROUND_BRACKET conditions RIGHT_ROUND_BRACKET statement_with_or_without_brackets
   77         | %empty

   78 do_while: DO statement_with_or_without_brackets WHILE LEFT_ROUND_BRACKET conditions RIGHT_ROUND_BRACKET SEMICOLON

   79 for: FOR LEFT_ROUND_BRACKET for_expression RIGHT_ROUND_BRACKET statement_with_or_without_brackets

   80 for_expression: SEMICOLON conditions SEMICOLON
   81               | for_statement SEMICOLON conditions SEMICOLON
   82               | SEMICOLON conditions SEMICOLON for_step
   83               | for_statement SEMICOLON conditions SEMICOLON for_step

   84 for_statement: name
   85              | type name EQUALS expression
   86              | for_step

   87 for_step: name PLUS PLUS
   88         | name MINUS MINUS
   89         | name EQUALS expression
   90         | name PLUS EQUALS expression
   91         | name MINUS EQUALS expression
   92         | name MULTIPLY EQUALS expression
   93         | name DIVIDE EQUALS expression

   94 switch: SWITCH LEFT_ROUND_BRACKET name RIGHT_ROUND_BRACKET LEFT_CURLY_BRACKET cases RIGHT_CURLY_BRACKET
   95       | SWITCH LEFT_ROUND_BRACKET name RIGHT_ROUND_BRACKET LEFT_CURLY_BRACKET cases default RIGHT_CURLY_BRACKET

   96 cases: case cases
   97      | case

   98 case: CASE value COLON statements break

   99 value: QUOTE name QUOTE
  100      | number

  101 break: BREAK SEMICOLON
  102      | %empty

  103 default: DEFAULT COLON statements break


Terminals, with rules where they appear

$end (0) 0
error (256)
SEMICOLON (258) 35 36 37 38 39 40 41 42 43 51 52 53 54 78 80 81 82
    83 101
DOT (259) 4
COMMA (260) 11
QUOTE (261) 42 43 67 99
COLON (262) 98 103
LEFT_ROUND_BRACKET (263) 9 10 15 42 43 57 58 64 65 66 74 75 76 78 79
    94 95
RIGHT_ROUND_BRACKET (264) 9 10 15 42 43 57 58 64 65 66 74 75 76 78
    79 94 95
RIGHT_ANGLE_BRACKET (265) 4 73
LEFT_ANGLE_BRACKET (266) 4 72
LEFT_CURLY_BRACKET (267) 9 10 55 94 95
RIGHT_CURLY_BRACKET (268) 9 10 55 94 95
NAME (269) 24
INCLUDE (270) 4
INT_TYPE (271) 26
DOUBLE_TYPE (272) 27
FLOAT_TYPE (273) 28
CHAR_TYPE (274) 29
STRING_TYPE (275) 30
BOOL_TYPE (276) 31
VOID_TYPE (277) 10
PRINTF (278) 42 43
RETURN (279) 51 52
WHILE (280) 57 78
DO (281) 78
FOR (282) 79
IF (283) 74 75
ELSE (284) 75
ELSEIF (285) 76
SWITCH (286) 94 95
CASE (287) 98
BREAK (288) 101
DEFAULT (289) 103
GREATER_EQUAL (290) 68
LESS_EQUAL (291) 69
EQUAL_EQUAL (292) 70
NOT_EQUAL (293) 71
EQUALS (294) 37 38 39 40 41 54 85 89 90 91 92 93
AND (295) 59
OR (296) 60
PLUS (297) 16 35 38 87 90
MINUS (298) 17 36 39 88 91
MULTIPLY (299) 18 40 92
DIVIDE (300) 19 41 93
NUMBER (301) 20 25
TRUE_STR (302) 22
FALSE_STR (303) 23
linefeed (304) 5


Nonterminals, with rules where they appear

$accept (50)
    on left: 0
input (51)
    on left: 1, on right: 0
libraries (52)
    on left: 2 3, on right: 1 2
library (53)
    on left: 4, on right: 2
procedure_main_is (54)
    on left: 5 6, on right: 1
function_list (55)
    on left: 7 8, on right: 1 7
function (56)
    on left: 9 10, on right: 7
argument_list (57)
    on left: 11 12, on right: 9 10 11
argument (58)
    on left: 13 14, on right: 11 12
expression (59)
    on left: 15 16 17 18 19 20 21 22 23, on right: 15 16 17 18 19 37
    38 39 40 41 51 54 62 63 64 85 89 90 91 92 93
name (60)
    on left: 24, on right: 4 9 10 13 21 35 36 37 38 39 40 41 42 53
    54 63 64 65 66 67 84 85 87 88 89 90 91 92 93 94 95 99
number (61)
    on left: 25, on right: 43 100
type (62)
    on left: 26 27 28 29 30 31, on right: 9 13 53 54 85
statements (63)
    on left: 32 33, on right: 9 10 32 55 98 103
statement (64)
    on left: 34 35 36 37 38 39 40 41 42 43 44 45 46 47 48 49, on right:
    32 56
return_statement (65)
    on left: 50 51 52, on right: 49
variable (66)
    on left: 53 54, on right: 34
statement_with_or_without_brackets (67)
    on left: 55 56, on right: 57 74 75 76 78 79
while (68)
    on left: 57, on right: 44
conditions (69)
    on left: 58 59 60 61, on right: 57 58 59 60 74 75 76 78 80 81 82
    83
condition (70)
    on left: 62 63 64 65 66 67, on right: 61
condition_operand (71)
    on left: 68 69 70 71 72 73, on right: 63 64 65 66
if (72)
    on left: 74 75, on right: 45
else_ifs (73)
    on left: 76 77, on right: 74 75
do_while (74)
    on left: 78, on right: 46
for (75)
    on left: 79, on right: 47
for_expression (76)
    on left: 80 81 82 83, on right: 79
for_statement (77)
    on left: 84 85 86, on right: 81 83
for_step (78)
    on left: 87 88 89 90 91 92 93, on right: 82 83 86
switch (79)
    on left: 94 95, on right: 48
cases (80)
    on left: 96 97, on right: 94 95 96
case (81)
    on left: 98, on right: 96 97
value (82)
    on left: 99 100, on right: 98
break (83)
    on left: 101 102, on right: 98 103
default (84)
    on left: 103, on right: 95


State 0

    0 $accept: . input $end

    INCLUDE  shift, and go to state 1

    $default  reduce using rule 3 (libraries)

    input      go to state 2
    libraries  go to state 3
    library    go to state 4


State 1

    4 library: INCLUDE . LEFT_ANGLE_BRACKET name DOT name RIGHT_ANGLE_BRACKET

    LEFT_ANGLE_BRACKET  shift, and go to state 5


State 2

    0 $accept: input . $end

    $end  shift, and go to state 6


State 3

    1 input: libraries . procedure_main_is function_list

    linefeed  shift, and go to state 7

    $default  reduce using rule 6 (procedure_main_is)

    procedure_main_is  go to state 8


State 4

    2 libraries: library . libraries

    INCLUDE  shift, and go to state 1

    $default  reduce using rule 3 (libraries)

    libraries  go to state 9
    library    go to state 4


State 5

    4 library: INCLUDE LEFT_ANGLE_BRACKET . name DOT name RIGHT_ANGLE_BRACKET

    NAME  shift, and go to state 10

    name  go to state 11


State 6

    0 $accept: input $end .

    $default  accept


State 7

    5 procedure_main_is: linefeed .

    $default  reduce using rule 5 (procedure_main_is)


State 8

    1 input: libraries procedure_main_is . function_list

    INT_TYPE     shift, and go to state 12
    DOUBLE_TYPE  shift, and go to state 13
    FLOAT_TYPE   shift, and go to state 14
    CHAR_TYPE    shift, and go to state 15
    STRING_TYPE  shift, and go to state 16
    BOOL_TYPE    shift, and go to state 17
    VOID_TYPE    shift, and go to state 18

    $default  reduce using rule 8 (function_list)

    function_list  go to state 19
    function       go to state 20
    type           go to state 21


State 9

    2 libraries: library libraries .

    $default  reduce using rule 2 (libraries)


State 10

   24 name: NAME .

    $default  reduce using rule 24 (name)


State 11

    4 library: INCLUDE LEFT_ANGLE_BRACKET name . DOT name RIGHT_ANGLE_BRACKET

    DOT  shift, and go to state 22


State 12

   26 type: INT_TYPE .

    $default  reduce using rule 26 (type)


State 13

   27 type: DOUBLE_TYPE .

    $default  reduce using rule 27 (type)


State 14

   28 type: FLOAT_TYPE .

    $default  reduce using rule 28 (type)


State 15

   29 type: CHAR_TYPE .

    $default  reduce using rule 29 (type)


State 16

   30 type: STRING_TYPE .

    $default  reduce using rule 30 (type)


State 17

   31 type: BOOL_TYPE .

    $default  reduce using rule 31 (type)


State 18

   10 function: VOID_TYPE . name LEFT_ROUND_BRACKET argument_list RIGHT_ROUND_BRACKET LEFT_CURLY_BRACKET statements RIGHT_CURLY_BRACKET

    NAME  shift, and go to state 10

    name  go to state 23


State 19

    1 input: libraries procedure_main_is function_list .

    $default  reduce using rule 1 (input)


State 20

    7 function_list: function . function_list

    INT_TYPE     shift, and go to state 12
    DOUBLE_TYPE  shift, and go to state 13
    FLOAT_TYPE   shift, and go to state 14
    CHAR_TYPE    shift, and go to state 15
    STRING_TYPE  shift, and go to state 16
    BOOL_TYPE    shift, and go to state 17
    VOID_TYPE    shift, and go to state 18

    $default  reduce using rule 8 (function_list)

    function_list  go to state 24
    function       go to state 20
    type           go to state 21


State 21

    9 function: type . name LEFT_ROUND_BRACKET argument_list RIGHT_ROUND_BRACKET LEFT_CURLY_BRACKET statements RIGHT_CURLY_BRACKET

    NAME  shift, and go to state 10

    name  go to state 25


State 22

    4 library: INCLUDE LEFT_ANGLE_BRACKET name DOT . name RIGHT_ANGLE_BRACKET

    NAME  shift, and go to state 10

    name  go to state 26


State 23

   10 function: VOID_TYPE name . LEFT_ROUND_BRACKET argument_list RIGHT_ROUND_BRACKET LEFT_CURLY_BRACKET statements RIGHT_CURLY_BRACKET

    LEFT_ROUND_BRACKET  shift, and go to state 27


State 24

    7 function_list: function function_list .

    $default  reduce using rule 7 (function_list)


State 25

    9 function: type name . LEFT_ROUND_BRACKET argument_list RIGHT_ROUND_BRACKET LEFT_CURLY_BRACKET statements RIGHT_CURLY_BRACKET

    LEFT_ROUND_BRACKET  shift, and go to state 28


State 26

    4 library: INCLUDE LEFT_ANGLE_BRACKET name DOT name . RIGHT_ANGLE_BRACKET

    RIGHT_ANGLE_BRACKET  shift, and go to state 29


State 27

   10 function: VOID_TYPE name LEFT_ROUND_BRACKET . argument_list RIGHT_ROUND_BRACKET LEFT_CURLY_BRACKET statements RIGHT_CURLY_BRACKET

    INT_TYPE     shift, and go to state 12
    DOUBLE_TYPE  shift, and go to state 13
    FLOAT_TYPE   shift, and go to state 14
    CHAR_TYPE    shift, and go to state 15
    STRING_TYPE  shift, and go to state 16
    BOOL_TYPE    shift, and go to state 17

    $default  reduce using rule 14 (argument)

    argument_list  go to state 30
    argument       go to state 31
    type           go to state 32


State 28

    9 function: type name LEFT_ROUND_BRACKET . argument_list RIGHT_ROUND_BRACKET LEFT_CURLY_BRACKET statements RIGHT_CURLY_BRACKET

    INT_TYPE     shift, and go to state 12
    DOUBLE_TYPE  shift, and go to state 13
    FLOAT_TYPE   shift, and go to state 14
    CHAR_TYPE    shift, and go to state 15
    STRING_TYPE  shift, and go to state 16
    BOOL_TYPE    shift, and go to state 17

    $default  reduce using rule 14 (argument)

    argument_list  go to state 33
    argument       go to state 31
    type           go to state 32


State 29

    4 library: INCLUDE LEFT_ANGLE_BRACKET name DOT name RIGHT_ANGLE_BRACKET .

    $default  reduce using rule 4 (library)


State 30

   10 function: VOID_TYPE name LEFT_ROUND_BRACKET argument_list . RIGHT_ROUND_BRACKET LEFT_CURLY_BRACKET statements RIGHT_CURLY_BRACKET

    RIGHT_ROUND_BRACKET  shift, and go to state 34


State 31

   11 argument_list: argument . COMMA argument_list
   12              | argument .

    COMMA  shift, and go to state 35

    $default  reduce using rule 12 (argument_list)


State 32

   13 argument: type . name

    NAME  shift, and go to state 10

    name  go to state 36


State 33

    9 function: type name LEFT_ROUND_BRACKET argument_list . RIGHT_ROUND_BRACKET LEFT_CURLY_BRACKET statements RIGHT_CURLY_BRACKET

    RIGHT_ROUND_BRACKET  shift, and go to state 37


State 34

   10 function: VOID_TYPE name LEFT_ROUND_BRACKET argument_list RIGHT_ROUND_BRACKET . LEFT_CURLY_BRACKET statements RIGHT_CURLY_BRACKET

    LEFT_CURLY_BRACKET  shift, and go to state 38


State 35

   11 argument_list: argument COMMA . argument_list

    INT_TYPE     shift, and go to state 12
    DOUBLE_TYPE  shift, and go to state 13
    FLOAT_TYPE   shift, and go to state 14
    CHAR_TYPE    shift, and go to state 15
    STRING_TYPE  shift, and go to state 16
    BOOL_TYPE    shift, and go to state 17

    $default  reduce using rule 14 (argument)

    argument_list  go to state 39
    argument       go to state 31
    type           go to state 32


State 36

   13 argument: type name .

    $default  reduce using rule 13 (argument)


State 37

    9 function: type name LEFT_ROUND_BRACKET argument_list RIGHT_ROUND_BRACKET . LEFT_CURLY_BRACKET statements RIGHT_CURLY_BRACKET

    LEFT_CURLY_BRACKET  shift, and go to state 40


State 38

   10 function: VOID_TYPE name LEFT_ROUND_BRACKET argument_list RIGHT_ROUND_BRACKET LEFT_CURLY_BRACKET . statements RIGHT_CURLY_BRACKET

    NAME         shift, and go to state 10
    INT_TYPE     shift, and go to state 12
    DOUBLE_TYPE  shift, and go to state 13
    FLOAT_TYPE   shift, and go to state 14
    CHAR_TYPE    shift, and go to state 15
    STRING_TYPE  shift, and go to state 16
    BOOL_TYPE    shift, and go to state 17
    PRINTF       shift, and go to state 41
    RETURN       shift, and go to state 42
    WHILE        shift, and go to state 43
    DO           shift, and go to state 44
    FOR          shift, and go to state 45
    IF           shift, and go to state 46
    SWITCH       shift, and go to state 47

    RIGHT_CURLY_BRACKET  reduce using rule 33 (statements)
    RIGHT_CURLY_BRACKET  [reduce using rule 50 (return_statement)]
    NAME                 [reduce using rule 50 (return_statement)]
    INT_TYPE             [reduce using rule 50 (return_statement)]
    DOUBLE_TYPE          [reduce using rule 50 (return_statement)]
    FLOAT_TYPE           [reduce using rule 50 (return_statement)]
    CHAR_TYPE            [reduce using rule 50 (return_statement)]
    STRING_TYPE          [reduce using rule 50 (return_statement)]
    BOOL_TYPE            [reduce using rule 50 (return_statement)]
    PRINTF               [reduce using rule 50 (return_statement)]
    RETURN               [reduce using rule 50 (return_statement)]
    WHILE                [reduce using rule 50 (return_statement)]
    DO                   [reduce using rule 50 (return_statement)]
    FOR                  [reduce using rule 50 (return_statement)]
    IF                   [reduce using rule 50 (return_statement)]
    SWITCH               [reduce using rule 50 (return_statement)]
    $default             reduce using rule 33 (statements)

    name              go to state 48
    type              go to state 49
    statements        go to state 50
    statement         go to state 51
    return_statement  go to state 52
    variable          go to state 53
    while             go to state 54
    if                go to state 55
    do_while          go to state 56
    for               go to state 57
    switch            go to state 58


State 39

   11 argument_list: argument COMMA argument_list .

    $default  reduce using rule 11 (argument_list)


State 40

    9 function: type name LEFT_ROUND_BRACKET argument_list RIGHT_ROUND_BRACKET LEFT_CURLY_BRACKET . statements RIGHT_CURLY_BRACKET

    NAME         shift, and go to state 10
    INT_TYPE     shift, and go to state 12
    DOUBLE_TYPE  shift, and go to state 13
    FLOAT_TYPE   shift, and go to state 14
    CHAR_TYPE    shift, and go to state 15
    STRING_TYPE  shift, and go to state 16
    BOOL_TYPE    shift, and go to state 17
    PRINTF       shift, and go to state 41
    RETURN       shift, and go to state 42
    WHILE        shift, and go to state 43
    DO           shift, and go to state 44
    FOR          shift, and go to state 45
    IF           shift, and go to state 46
    SWITCH       shift, and go to state 47

    RIGHT_CURLY_BRACKET  reduce using rule 33 (statements)
    RIGHT_CURLY_BRACKET  [reduce using rule 50 (return_statement)]
    NAME                 [reduce using rule 50 (return_statement)]
    INT_TYPE             [reduce using rule 50 (return_statement)]
    DOUBLE_TYPE          [reduce using rule 50 (return_statement)]
    FLOAT_TYPE           [reduce using rule 50 (return_statement)]
    CHAR_TYPE            [reduce using rule 50 (return_statement)]
    STRING_TYPE          [reduce using rule 50 (return_statement)]
    BOOL_TYPE            [reduce using rule 50 (return_statement)]
    PRINTF               [reduce using rule 50 (return_statement)]
    RETURN               [reduce using rule 50 (return_statement)]
    WHILE                [reduce using rule 50 (return_statement)]
    DO                   [reduce using rule 50 (return_statement)]
    FOR                  [reduce using rule 50 (return_statement)]
    IF                   [reduce using rule 50 (return_statement)]
    SWITCH               [reduce using rule 50 (return_statement)]
    $default             reduce using rule 33 (statements)

    name              go to state 48
    type              go to state 49
    statements        go to state 59
    statement         go to state 51
    return_statement  go to state 52
    variable          go to state 53
    while             go to state 54
    if                go to state 55
    do_while          go to state 56
    for               go to state 57
    switch            go to state 58


State 41

   42 statement: PRINTF . LEFT_ROUND_BRACKET QUOTE name QUOTE RIGHT_ROUND_BRACKET SEMICOLON
   43          | PRINTF . LEFT_ROUND_BRACKET QUOTE number QUOTE RIGHT_ROUND_BRACKET SEMICOLON

    LEFT_ROUND_BRACKET  shift, and go to state 60


State 42

   51 return_statement: RETURN . expression SEMICOLON
   52                 | RETURN . SEMICOLON

    SEMICOLON           shift, and go to state 61
    LEFT_ROUND_BRACKET  shift, and go to state 62
    NAME                shift, and go to state 10
    NUMBER              shift, and go to state 63
    TRUE_STR            shift, and go to state 64
    FALSE_STR           shift, and go to state 65

    expression  go to state 66
    name        go to state 67


State 43

   57 while: WHILE . LEFT_ROUND_BRACKET conditions RIGHT_ROUND_BRACKET statement_with_or_without_brackets

    LEFT_ROUND_BRACKET  shift, and go to state 68


State 44

   78 do_while: DO . statement_with_or_without_brackets WHILE LEFT_ROUND_BRACKET conditions RIGHT_ROUND_BRACKET SEMICOLON

    LEFT_CURLY_BRACKET  shift, and go to state 69
    NAME                shift, and go to state 10
    INT_TYPE            shift, and go to state 12
    DOUBLE_TYPE         shift, and go to state 13
    FLOAT_TYPE          shift, and go to state 14
    CHAR_TYPE           shift, and go to state 15
    STRING_TYPE         shift, and go to state 16
    BOOL_TYPE           shift, and go to state 17
    PRINTF              shift, and go to state 41
    RETURN              shift, and go to state 42
    WHILE               shift, and go to state 43
    DO                  shift, and go to state 44
    FOR                 shift, and go to state 45
    IF                  shift, and go to state 46
    SWITCH              shift, and go to state 47

    WHILE  [reduce using rule 50 (return_statement)]

    name                                go to state 48
    type                                go to state 49
    statement                           go to state 70
    return_statement                    go to state 52
    variable                            go to state 53
    statement_with_or_without_brackets  go to state 71
    while                               go to state 54
    if                                  go to state 55
    do_while                            go to state 56
    for                                 go to state 57
    switch                              go to state 58


State 45

   79 for: FOR . LEFT_ROUND_BRACKET for_expression RIGHT_ROUND_BRACKET statement_with_or_without_brackets

    LEFT_ROUND_BRACKET  shift, and go to state 72


State 46

   74 if: IF . LEFT_ROUND_BRACKET conditions RIGHT_ROUND_BRACKET statement_with_or_without_brackets else_ifs
   75   | IF . LEFT_ROUND_BRACKET conditions RIGHT_ROUND_BRACKET statement_with_or_without_brackets else_ifs ELSE statement_with_or_without_brackets

    LEFT_ROUND_BRACKET  shift, and go to state 73


State 47

   94 switch: SWITCH . LEFT_ROUND_BRACKET name RIGHT_ROUND_BRACKET LEFT_CURLY_BRACKET cases RIGHT_CURLY_BRACKET
   95       | SWITCH . LEFT_ROUND_BRACKET name RIGHT_ROUND_BRACKET LEFT_CURLY_BRACKET cases default RIGHT_CURLY_BRACKET

    LEFT_ROUND_BRACKET  shift, and go to state 74


State 48

   35 statement: name . PLUS PLUS SEMICOLON
   36          | name . MINUS MINUS SEMICOLON
   37          | name . EQUALS expression SEMICOLON
   38          | name . PLUS EQUALS expression SEMICOLON
   39          | name . MINUS EQUALS expression SEMICOLON
   40          | name . MULTIPLY EQUALS expression SEMICOLON
   41          | name . DIVIDE EQUALS expression SEMICOLON

    EQUALS    shift, and go to state 75
    PLUS      shift, and go to state 76
    MINUS     shift, and go to state 77
    MULTIPLY  shift, and go to state 78
    DIVIDE    shift, and go to state 79


State 49

   53 variable: type . name SEMICOLON
   54         | type . name EQUALS expression SEMICOLON

    NAME  shift, and go to state 10

    name  go to state 80


State 50

   10 function: VOID_TYPE name LEFT_ROUND_BRACKET argument_list RIGHT_ROUND_BRACKET LEFT_CURLY_BRACKET statements . RIGHT_CURLY_BRACKET

    RIGHT_CURLY_BRACKET  shift, and go to state 81


State 51

   32 statements: statement . statements

    NAME         shift, and go to state 10
    INT_TYPE     shift, and go to state 12
    DOUBLE_TYPE  shift, and go to state 13
    FLOAT_TYPE   shift, and go to state 14
    CHAR_TYPE    shift, and go to state 15
    STRING_TYPE  shift, and go to state 16
    BOOL_TYPE    shift, and go to state 17
    PRINTF       shift, and go to state 41
    RETURN       shift, and go to state 42
    WHILE        shift, and go to state 43
    DO           shift, and go to state 44
    FOR          shift, and go to state 45
    IF           shift, and go to state 46
    SWITCH       shift, and go to state 47

    RIGHT_CURLY_BRACKET  reduce using rule 33 (statements)
    RIGHT_CURLY_BRACKET  [reduce using rule 50 (return_statement)]
    NAME                 [reduce using rule 50 (return_statement)]
    INT_TYPE             [reduce using rule 50 (return_statement)]
    DOUBLE_TYPE          [reduce using rule 50 (return_statement)]
    FLOAT_TYPE           [reduce using rule 50 (return_statement)]
    CHAR_TYPE            [reduce using rule 50 (return_statement)]
    STRING_TYPE          [reduce using rule 50 (return_statement)]
    BOOL_TYPE            [reduce using rule 50 (return_statement)]
    PRINTF               [reduce using rule 50 (return_statement)]
    RETURN               [reduce using rule 50 (return_statement)]
    WHILE                [reduce using rule 50 (return_statement)]
    DO                   [reduce using rule 50 (return_statement)]
    FOR                  [reduce using rule 50 (return_statement)]
    IF                   [reduce using rule 50 (return_statement)]
    SWITCH               [reduce using rule 50 (return_statement)]
    CASE                 reduce using rule 33 (statements)
    CASE                 [reduce using rule 50 (return_statement)]
    BREAK                reduce using rule 33 (statements)
    BREAK                [reduce using rule 50 (return_statement)]
    DEFAULT              reduce using rule 33 (statements)
    DEFAULT              [reduce using rule 50 (return_statement)]
    $default             reduce using rule 33 (statements)

    name              go to state 48
    type              go to state 49
    statements        go to state 82
    statement         go to state 51
    return_statement  go to state 52
    variable          go to state 53
    while             go to state 54
    if                go to state 55
    do_while          go to state 56
    for               go to state 57
    switch            go to state 58


State 52

   49 statement: return_statement .

    $default  reduce using rule 49 (statement)


State 53

   34 statement: variable .

    $default  reduce using rule 34 (statement)


State 54

   44 statement: while .

    $default  reduce using rule 44 (statement)


State 55

   45 statement: if .

    $default  reduce using rule 45 (statement)


State 56

   46 statement: do_while .

    $default  reduce using rule 46 (statement)


State 57

   47 statement: for .

    $default  reduce using rule 47 (statement)


State 58

   48 statement: switch .

    $default  reduce using rule 48 (statement)


State 59

    9 function: type name LEFT_ROUND_BRACKET argument_list RIGHT_ROUND_BRACKET LEFT_CURLY_BRACKET statements . RIGHT_CURLY_BRACKET

    RIGHT_CURLY_BRACKET  shift, and go to state 83


State 60

   42 statement: PRINTF LEFT_ROUND_BRACKET . QUOTE name QUOTE RIGHT_ROUND_BRACKET SEMICOLON
   43          | PRINTF LEFT_ROUND_BRACKET . QUOTE number QUOTE RIGHT_ROUND_BRACKET SEMICOLON

    QUOTE  shift, and go to state 84


State 61

   52 return_statement: RETURN SEMICOLON .

    $default  reduce using rule 52 (return_statement)


State 62

   15 expression: LEFT_ROUND_BRACKET . expression RIGHT_ROUND_BRACKET

    LEFT_ROUND_BRACKET  shift, and go to state 62
    NAME                shift, and go to state 10
    NUMBER              shift, and go to state 63
    TRUE_STR            shift, and go to state 64
    FALSE_STR           shift, and go to state 65

    expression  go to state 85
    name        go to state 67


State 63

   20 expression: NUMBER .

    $default  reduce using rule 20 (expression)


State 64

   22 expression: TRUE_STR .

    $default  reduce using rule 22 (expression)


State 65

   23 expression: FALSE_STR .

    $default  reduce using rule 23 (expression)


State 66

   16 expression: expression . PLUS expression
   17           | expression . MINUS expression
   18           | expression . MULTIPLY expression
   19           | expression . DIVIDE expression
   51 return_statement: RETURN expression . SEMICOLON

    SEMICOLON  shift, and go to state 86
    PLUS       shift, and go to state 87
    MINUS      shift, and go to state 88
    MULTIPLY   shift, and go to state 89
    DIVIDE     shift, and go to state 90


State 67

   21 expression: name .

    $default  reduce using rule 21 (expression)


State 68

   57 while: WHILE LEFT_ROUND_BRACKET . conditions RIGHT_ROUND_BRACKET statement_with_or_without_brackets

    QUOTE               shift, and go to state 91
    LEFT_ROUND_BRACKET  shift, and go to state 92
    NAME                shift, and go to state 10
    NUMBER              shift, and go to state 63
    TRUE_STR            shift, and go to state 64
    FALSE_STR           shift, and go to state 65

    expression  go to state 93
    name        go to state 94
    conditions  go to state 95
    condition   go to state 96


State 69

   55 statement_with_or_without_brackets: LEFT_CURLY_BRACKET . statements RIGHT_CURLY_BRACKET

    NAME         shift, and go to state 10
    INT_TYPE     shift, and go to state 12
    DOUBLE_TYPE  shift, and go to state 13
    FLOAT_TYPE   shift, and go to state 14
    CHAR_TYPE    shift, and go to state 15
    STRING_TYPE  shift, and go to state 16
    BOOL_TYPE    shift, and go to state 17
    PRINTF       shift, and go to state 41
    RETURN       shift, and go to state 42
    WHILE        shift, and go to state 43
    DO           shift, and go to state 44
    FOR          shift, and go to state 45
    IF           shift, and go to state 46
    SWITCH       shift, and go to state 47

    RIGHT_CURLY_BRACKET  reduce using rule 33 (statements)
    RIGHT_CURLY_BRACKET  [reduce using rule 50 (return_statement)]
    NAME                 [reduce using rule 50 (return_statement)]
    INT_TYPE             [reduce using rule 50 (return_statement)]
    DOUBLE_TYPE          [reduce using rule 50 (return_statement)]
    FLOAT_TYPE           [reduce using rule 50 (return_statement)]
    CHAR_TYPE            [reduce using rule 50 (return_statement)]
    STRING_TYPE          [reduce using rule 50 (return_statement)]
    BOOL_TYPE            [reduce using rule 50 (return_statement)]
    PRINTF               [reduce using rule 50 (return_statement)]
    RETURN               [reduce using rule 50 (return_statement)]
    WHILE                [reduce using rule 50 (return_statement)]
    DO                   [reduce using rule 50 (return_statement)]
    FOR                  [reduce using rule 50 (return_statement)]
    IF                   [reduce using rule 50 (return_statement)]
    SWITCH               [reduce using rule 50 (return_statement)]
    $default             reduce using rule 33 (statements)

    name              go to state 48
    type              go to state 49
    statements        go to state 97
    statement         go to state 51
    return_statement  go to state 52
    variable          go to state 53
    while             go to state 54
    if                go to state 55
    do_while          go to state 56
    for               go to state 57
    switch            go to state 58


State 70

   56 statement_with_or_without_brackets: statement .

    $default  reduce using rule 56 (statement_with_or_without_brackets)


State 71

   78 do_while: DO statement_with_or_without_brackets . WHILE LEFT_ROUND_BRACKET conditions RIGHT_ROUND_BRACKET SEMICOLON

    WHILE  shift, and go to state 98


State 72

   79 for: FOR LEFT_ROUND_BRACKET . for_expression RIGHT_ROUND_BRACKET statement_with_or_without_brackets

    SEMICOLON    shift, and go to state 99
    NAME         shift, and go to state 10
    INT_TYPE     shift, and go to state 12
    DOUBLE_TYPE  shift, and go to state 13
    FLOAT_TYPE   shift, and go to state 14
    CHAR_TYPE    shift, and go to state 15
    STRING_TYPE  shift, and go to state 16
    BOOL_TYPE    shift, and go to state 17

    name            go to state 100
    type            go to state 101
    for_expression  go to state 102
    for_statement   go to state 103
    for_step        go to state 104


State 73

   74 if: IF LEFT_ROUND_BRACKET . conditions RIGHT_ROUND_BRACKET statement_with_or_without_brackets else_ifs
   75   | IF LEFT_ROUND_BRACKET . conditions RIGHT_ROUND_BRACKET statement_with_or_without_brackets else_ifs ELSE statement_with_or_without_brackets

    QUOTE               shift, and go to state 91
    LEFT_ROUND_BRACKET  shift, and go to state 92
    NAME                shift, and go to state 10
    NUMBER              shift, and go to state 63
    TRUE_STR            shift, and go to state 64
    FALSE_STR           shift, and go to state 65

    expression  go to state 93
    name        go to state 94
    conditions  go to state 105
    condition   go to state 96


State 74

   94 switch: SWITCH LEFT_ROUND_BRACKET . name RIGHT_ROUND_BRACKET LEFT_CURLY_BRACKET cases RIGHT_CURLY_BRACKET
   95       | SWITCH LEFT_ROUND_BRACKET . name RIGHT_ROUND_BRACKET LEFT_CURLY_BRACKET cases default RIGHT_CURLY_BRACKET

    NAME  shift, and go to state 10

    name  go to state 106


State 75

   37 statement: name EQUALS . expression SEMICOLON

    LEFT_ROUND_BRACKET  shift, and go to state 62
    NAME                shift, and go to state 10
    NUMBER              shift, and go to state 63
    TRUE_STR            shift, and go to state 64
    FALSE_STR           shift, and go to state 65

    expression  go to state 107
    name        go to state 67


State 76

   35 statement: name PLUS . PLUS SEMICOLON
   38          | name PLUS . EQUALS expression SEMICOLON

    EQUALS  shift, and go to state 108
    PLUS    shift, and go to state 109


State 77

   36 statement: name MINUS . MINUS SEMICOLON
   39          | name MINUS . EQUALS expression SEMICOLON

    EQUALS  shift, and go to state 110
    MINUS   shift, and go to state 111


State 78

   40 statement: name MULTIPLY . EQUALS expression SEMICOLON

    EQUALS  shift, and go to state 112


State 79

   41 statement: name DIVIDE . EQUALS expression SEMICOLON

    EQUALS  shift, and go to state 113


State 80

   53 variable: type name . SEMICOLON
   54         | type name . EQUALS expression SEMICOLON

    SEMICOLON  shift, and go to state 114
    EQUALS     shift, and go to state 115


State 81

   10 function: VOID_TYPE name LEFT_ROUND_BRACKET argument_list RIGHT_ROUND_BRACKET LEFT_CURLY_BRACKET statements RIGHT_CURLY_BRACKET .

    $default  reduce using rule 10 (function)


State 82

   32 statements: statement statements .

    $default  reduce using rule 32 (statements)


State 83

    9 function: type name LEFT_ROUND_BRACKET argument_list RIGHT_ROUND_BRACKET LEFT_CURLY_BRACKET statements RIGHT_CURLY_BRACKET .

    $default  reduce using rule 9 (function)


State 84

   42 statement: PRINTF LEFT_ROUND_BRACKET QUOTE . name QUOTE RIGHT_ROUND_BRACKET SEMICOLON
   43          | PRINTF LEFT_ROUND_BRACKET QUOTE . number QUOTE RIGHT_ROUND_BRACKET SEMICOLON

    NAME    shift, and go to state 10
    NUMBER  shift, and go to state 116

    name    go to state 117
    number  go to state 118


State 85

   15 expression: LEFT_ROUND_BRACKET expression . RIGHT_ROUND_BRACKET
   16           | expression . PLUS expression
   17           | expression . MINUS expression
   18           | expression . MULTIPLY expression
   19           | expression . DIVIDE expression

    RIGHT_ROUND_BRACKET  shift, and go to state 119
    PLUS                 shift, and go to state 87
    MINUS                shift, and go to state 88
    MULTIPLY             shift, and go to state 89
    DIVIDE               shift, and go to state 90


State 86

   51 return_statement: RETURN expression SEMICOLON .

    $default  reduce using rule 51 (return_statement)


State 87

   16 expression: expression PLUS . expression

    LEFT_ROUND_BRACKET  shift, and go to state 62
    NAME                shift, and go to state 10
    NUMBER              shift, and go to state 63
    TRUE_STR            shift, and go to state 64
    FALSE_STR           shift, and go to state 65

    expression  go to state 120
    name        go to state 67


State 88

   17 expression: expression MINUS . expression

    LEFT_ROUND_BRACKET  shift, and go to state 62
    NAME                shift, and go to state 10
    NUMBER              shift, and go to state 63
    TRUE_STR            shift, and go to state 64
    FALSE_STR           shift, and go to state 65

    expression  go to state 121
    name        go to state 67


State 89

   18 expression: expression MULTIPLY . expression

    LEFT_ROUND_BRACKET  shift, and go to state 62
    NAME                shift, and go to state 10
    NUMBER              shift, and go to state 63
    TRUE_STR            shift, and go to state 64
    FALSE_STR           shift, and go to state 65

    expression  go to state 122
    name        go to state 67


State 90

   19 expression: expression DIVIDE . expression

    LEFT_ROUND_BRACKET  shift, and go to state 62
    NAME                shift, and go to state 10
    NUMBER              shift, and go to state 63
    TRUE_STR            shift, and go to state 64
    FALSE_STR           shift, and go to state 65

    expression  go to state 123
    name        go to state 67


State 91

   67 condition: QUOTE . name QUOTE

    NAME  shift, and go to state 10

    name  go to state 124


State 92

   15 expression: LEFT_ROUND_BRACKET . expression RIGHT_ROUND_BRACKET
   58 conditions: LEFT_ROUND_BRACKET . conditions RIGHT_ROUND_BRACKET
   64 condition: LEFT_ROUND_BRACKET . name RIGHT_ROUND_BRACKET condition_operand expression
   65          | LEFT_ROUND_BRACKET . name RIGHT_ROUND_BRACKET condition_operand LEFT_ROUND_BRACKET name RIGHT_ROUND_BRACKET

    QUOTE               shift, and go to state 91
    LEFT_ROUND_BRACKET  shift, and go to state 92
    NAME                shift, and go to state 10
    NUMBER              shift, and go to state 63
    TRUE_STR            shift, and go to state 64
    FALSE_STR           shift, and go to state 65

    expression  go to state 125
    name        go to state 126
    conditions  go to state 127
    condition   go to state 96


State 93

   16 expression: expression . PLUS expression
   17           | expression . MINUS expression
   18           | expression . MULTIPLY expression
   19           | expression . DIVIDE expression
   62 condition: expression .

    PLUS      shift, and go to state 87
    MINUS     shift, and go to state 88
    MULTIPLY  shift, and go to state 89
    DIVIDE    shift, and go to state 90

    $default  reduce using rule 62 (condition)


State 94

   21 expression: name .
   63 condition: name . condition_operand expression
   66          | name . condition_operand LEFT_ROUND_BRACKET name RIGHT_ROUND_BRACKET

    RIGHT_ANGLE_BRACKET  shift, and go to state 128
    LEFT_ANGLE_BRACKET   shift, and go to state 129
    GREATER_EQUAL        shift, and go to state 130
    LESS_EQUAL           shift, and go to state 131
    EQUAL_EQUAL          shift, and go to state 132
    NOT_EQUAL            shift, and go to state 133

    $default  reduce using rule 21 (expression)

    condition_operand  go to state 134


State 95

   57 while: WHILE LEFT_ROUND_BRACKET conditions . RIGHT_ROUND_BRACKET statement_with_or_without_brackets
   59 conditions: conditions . AND conditions
   60           | conditions . OR conditions

    RIGHT_ROUND_BRACKET  shift, and go to state 135
    AND                  shift, and go to state 136
    OR                   shift, and go to state 137


State 96

   61 conditions: condition .

    $default  reduce using rule 61 (conditions)


State 97

   55 statement_with_or_without_brackets: LEFT_CURLY_BRACKET statements . RIGHT_CURLY_BRACKET

    RIGHT_CURLY_BRACKET  shift, and go to state 138


State 98

   78 do_while: DO statement_with_or_without_brackets WHILE . LEFT_ROUND_BRACKET conditions RIGHT_ROUND_BRACKET SEMICOLON

    LEFT_ROUND_BRACKET  shift, and go to state 139


State 99

   80 for_expression: SEMICOLON . conditions SEMICOLON
   82               | SEMICOLON . conditions SEMICOLON for_step

    QUOTE               shift, and go to state 91
    LEFT_ROUND_BRACKET  shift, and go to state 92
    NAME                shift, and go to state 10
    NUMBER              shift, and go to state 63
    TRUE_STR            shift, and go to state 64
    FALSE_STR           shift, and go to state 65

    expression  go to state 93
    name        go to state 94
    conditions  go to state 140
    condition   go to state 96


State 100

   84 for_statement: name .
   87 for_step: name . PLUS PLUS
   88         | name . MINUS MINUS
   89         | name . EQUALS expression
   90         | name . PLUS EQUALS expression
   91         | name . MINUS EQUALS expression
   92         | name . MULTIPLY EQUALS expression
   93         | name . DIVIDE EQUALS expression

    EQUALS    shift, and go to state 141
    PLUS      shift, and go to state 142
    MINUS     shift, and go to state 143
    MULTIPLY  shift, and go to state 144
    DIVIDE    shift, and go to state 145

    $default  reduce using rule 84 (for_statement)


State 101

   85 for_statement: type . name EQUALS expression

    NAME  shift, and go to state 10

    name  go to state 146


State 102

   79 for: FOR LEFT_ROUND_BRACKET for_expression . RIGHT_ROUND_BRACKET statement_with_or_without_brackets

    RIGHT_ROUND_BRACKET  shift, and go to state 147


State 103

   81 for_expression: for_statement . SEMICOLON conditions SEMICOLON
   83               | for_statement . SEMICOLON conditions SEMICOLON for_step

    SEMICOLON  shift, and go to state 148


State 104

   86 for_statement: for_step .

    $default  reduce using rule 86 (for_statement)


State 105

   59 conditions: conditions . AND conditions
   60           | conditions . OR conditions
   74 if: IF LEFT_ROUND_BRACKET conditions . RIGHT_ROUND_BRACKET statement_with_or_without_brackets else_ifs
   75   | IF LEFT_ROUND_BRACKET conditions . RIGHT_ROUND_BRACKET statement_with_or_without_brackets else_ifs ELSE statement_with_or_without_brackets

    RIGHT_ROUND_BRACKET  shift, and go to state 149
    AND                  shift, and go to state 136
    OR                   shift, and go to state 137


State 106

   94 switch: SWITCH LEFT_ROUND_BRACKET name . RIGHT_ROUND_BRACKET LEFT_CURLY_BRACKET cases RIGHT_CURLY_BRACKET
   95       | SWITCH LEFT_ROUND_BRACKET name . RIGHT_ROUND_BRACKET LEFT_CURLY_BRACKET cases default RIGHT_CURLY_BRACKET

    RIGHT_ROUND_BRACKET  shift, and go to state 150


State 107

   16 expression: expression . PLUS expression
   17           | expression . MINUS expression
   18           | expression . MULTIPLY expression
   19           | expression . DIVIDE expression
   37 statement: name EQUALS expression . SEMICOLON

    SEMICOLON  shift, and go to state 151
    PLUS       shift, and go to state 87
    MINUS      shift, and go to state 88
    MULTIPLY   shift, and go to state 89
    DIVIDE     shift, and go to state 90


State 108

   38 statement: name PLUS EQUALS . expression SEMICOLON

    LEFT_ROUND_BRACKET  shift, and go to state 62
    NAME                shift, and go to state 10
    NUMBER              shift, and go to state 63
    TRUE_STR            shift, and go to state 64
    FALSE_STR           shift, and go to state 65

    expression  go to state 152
    name        go to state 67


State 109

   35 statement: name PLUS PLUS . SEMICOLON

    SEMICOLON  shift, and go to state 153


State 110

   39 statement: name MINUS EQUALS . expression SEMICOLON

    LEFT_ROUND_BRACKET  shift, and go to state 62
    NAME                shift, and go to state 10
    NUMBER              shift, and go to state 63
    TRUE_STR            shift, and go to state 64
    FALSE_STR           shift, and go to state 65

    expression  go to state 154
    name        go to state 67


State 111

   36 statement: name MINUS MINUS . SEMICOLON

    SEMICOLON  shift, and go to state 155


State 112

   40 statement: name MULTIPLY EQUALS . expression SEMICOLON

    LEFT_ROUND_BRACKET  shift, and go to state 62
    NAME                shift, and go to state 10
    NUMBER              shift, and go to state 63
    TRUE_STR            shift, and go to state 64
    FALSE_STR           shift, and go to state 65

    expression  go to state 156
    name        go to state 67


State 113

   41 statement: name DIVIDE EQUALS . expression SEMICOLON

    LEFT_ROUND_BRACKET  shift, and go to state 62
    NAME                shift, and go to state 10
    NUMBER              shift, and go to state 63
    TRUE_STR            shift, and go to state 64
    FALSE_STR           shift, and go to state 65

    expression  go to state 157
    name        go to state 67


State 114

   53 variable: type name SEMICOLON .

    $default  reduce using rule 53 (variable)


State 115

   54 variable: type name EQUALS . expression SEMICOLON

    LEFT_ROUND_BRACKET  shift, and go to state 62
    NAME                shift, and go to state 10
    NUMBER              shift, and go to state 63
    TRUE_STR            shift, and go to state 64
    FALSE_STR           shift, and go to state 65

    expression  go to state 158
    name        go to state 67


State 116

   25 number: NUMBER .

    $default  reduce using rule 25 (number)


State 117

   42 statement: PRINTF LEFT_ROUND_BRACKET QUOTE name . QUOTE RIGHT_ROUND_BRACKET SEMICOLON

    QUOTE  shift, and go to state 159


State 118

   43 statement: PRINTF LEFT_ROUND_BRACKET QUOTE number . QUOTE RIGHT_ROUND_BRACKET SEMICOLON

    QUOTE  shift, and go to state 160


State 119

   15 expression: LEFT_ROUND_BRACKET expression RIGHT_ROUND_BRACKET .

    $default  reduce using rule 15 (expression)


State 120

   16 expression: expression . PLUS expression
   16           | expression PLUS expression .
   17           | expression . MINUS expression
   18           | expression . MULTIPLY expression
   19           | expression . DIVIDE expression

    PLUS      shift, and go to state 87
    MINUS     shift, and go to state 88
    MULTIPLY  shift, and go to state 89
    DIVIDE    shift, and go to state 90

    PLUS      [reduce using rule 16 (expression)]
    MINUS     [reduce using rule 16 (expression)]
    MULTIPLY  [reduce using rule 16 (expression)]
    DIVIDE    [reduce using rule 16 (expression)]
    $default  reduce using rule 16 (expression)


State 121

   16 expression: expression . PLUS expression
   17           | expression . MINUS expression
   17           | expression MINUS expression .
   18           | expression . MULTIPLY expression
   19           | expression . DIVIDE expression

    PLUS      shift, and go to state 87
    MINUS     shift, and go to state 88
    MULTIPLY  shift, and go to state 89
    DIVIDE    shift, and go to state 90

    PLUS      [reduce using rule 17 (expression)]
    MINUS     [reduce using rule 17 (expression)]
    MULTIPLY  [reduce using rule 17 (expression)]
    DIVIDE    [reduce using rule 17 (expression)]
    $default  reduce using rule 17 (expression)


State 122

   16 expression: expression . PLUS expression
   17           | expression . MINUS expression
   18           | expression . MULTIPLY expression
   18           | expression MULTIPLY expression .
   19           | expression . DIVIDE expression

    PLUS      shift, and go to state 87
    MINUS     shift, and go to state 88
    MULTIPLY  shift, and go to state 89
    DIVIDE    shift, and go to state 90

    PLUS      [reduce using rule 18 (expression)]
    MINUS     [reduce using rule 18 (expression)]
    MULTIPLY  [reduce using rule 18 (expression)]
    DIVIDE    [reduce using rule 18 (expression)]
    $default  reduce using rule 18 (expression)


State 123

   16 expression: expression . PLUS expression
   17           | expression . MINUS expression
   18           | expression . MULTIPLY expression
   19           | expression . DIVIDE expression
   19           | expression DIVIDE expression .

    PLUS      shift, and go to state 87
    MINUS     shift, and go to state 88
    MULTIPLY  shift, and go to state 89
    DIVIDE    shift, and go to state 90

    PLUS      [reduce using rule 19 (expression)]
    MINUS     [reduce using rule 19 (expression)]
    MULTIPLY  [reduce using rule 19 (expression)]
    DIVIDE    [reduce using rule 19 (expression)]
    $default  reduce using rule 19 (expression)


State 124

   67 condition: QUOTE name . QUOTE

    QUOTE  shift, and go to state 161


State 125

   15 expression: LEFT_ROUND_BRACKET expression . RIGHT_ROUND_BRACKET
   16           | expression . PLUS expression
   17           | expression . MINUS expression
   18           | expression . MULTIPLY expression
   19           | expression . DIVIDE expression
   62 condition: expression .

    RIGHT_ROUND_BRACKET  shift, and go to state 119
    PLUS                 shift, and go to state 87
    MINUS                shift, and go to state 88
    MULTIPLY             shift, and go to state 89
    DIVIDE               shift, and go to state 90

    RIGHT_ROUND_BRACKET  [reduce using rule 62 (condition)]
    $default             reduce using rule 62 (condition)


State 126

   21 expression: name .
   63 condition: name . condition_operand expression
   64          | LEFT_ROUND_BRACKET name . RIGHT_ROUND_BRACKET condition_operand expression
   65          | LEFT_ROUND_BRACKET name . RIGHT_ROUND_BRACKET condition_operand LEFT_ROUND_BRACKET name RIGHT_ROUND_BRACKET
   66          | name . condition_operand LEFT_ROUND_BRACKET name RIGHT_ROUND_BRACKET

    RIGHT_ROUND_BRACKET  shift, and go to state 162
    RIGHT_ANGLE_BRACKET  shift, and go to state 128
    LEFT_ANGLE_BRACKET   shift, and go to state 129
    GREATER_EQUAL        shift, and go to state 130
    LESS_EQUAL           shift, and go to state 131
    EQUAL_EQUAL          shift, and go to state 132
    NOT_EQUAL            shift, and go to state 133

    RIGHT_ROUND_BRACKET  [reduce using rule 21 (expression)]
    $default             reduce using rule 21 (expression)

    condition_operand  go to state 134


State 127

   58 conditions: LEFT_ROUND_BRACKET conditions . RIGHT_ROUND_BRACKET
   59           | conditions . AND conditions
   60           | conditions . OR conditions

    RIGHT_ROUND_BRACKET  shift, and go to state 163
    AND                  shift, and go to state 136
    OR                   shift, and go to state 137


State 128

   73 condition_operand: RIGHT_ANGLE_BRACKET .

    $default  reduce using rule 73 (condition_operand)


State 129

   72 condition_operand: LEFT_ANGLE_BRACKET .

    $default  reduce using rule 72 (condition_operand)


State 130

   68 condition_operand: GREATER_EQUAL .

    $default  reduce using rule 68 (condition_operand)


State 131

   69 condition_operand: LESS_EQUAL .

    $default  reduce using rule 69 (condition_operand)


State 132

   70 condition_operand: EQUAL_EQUAL .

    $default  reduce using rule 70 (condition_operand)


State 133

   71 condition_operand: NOT_EQUAL .

    $default  reduce using rule 71 (condition_operand)


State 134

   63 condition: name condition_operand . expression
   66          | name condition_operand . LEFT_ROUND_BRACKET name RIGHT_ROUND_BRACKET

    LEFT_ROUND_BRACKET  shift, and go to state 164
    NAME                shift, and go to state 10
    NUMBER              shift, and go to state 63
    TRUE_STR            shift, and go to state 64
    FALSE_STR           shift, and go to state 65

    expression  go to state 165
    name        go to state 67


State 135

   57 while: WHILE LEFT_ROUND_BRACKET conditions RIGHT_ROUND_BRACKET . statement_with_or_without_brackets

    LEFT_CURLY_BRACKET  shift, and go to state 69
    NAME                shift, and go to state 10
    INT_TYPE            shift, and go to state 12
    DOUBLE_TYPE         shift, and go to state 13
    FLOAT_TYPE          shift, and go to state 14
    CHAR_TYPE           shift, and go to state 15
    STRING_TYPE         shift, and go to state 16
    BOOL_TYPE           shift, and go to state 17
    PRINTF              shift, and go to state 41
    RETURN              shift, and go to state 42
    WHILE               shift, and go to state 43
    DO                  shift, and go to state 44
    FOR                 shift, and go to state 45
    IF                  shift, and go to state 46
    SWITCH              shift, and go to state 47

    NAME         [reduce using rule 50 (return_statement)]
    INT_TYPE     [reduce using rule 50 (return_statement)]
    DOUBLE_TYPE  [reduce using rule 50 (return_statement)]
    FLOAT_TYPE   [reduce using rule 50 (return_statement)]
    CHAR_TYPE    [reduce using rule 50 (return_statement)]
    STRING_TYPE  [reduce using rule 50 (return_statement)]
    BOOL_TYPE    [reduce using rule 50 (return_statement)]
    PRINTF       [reduce using rule 50 (return_statement)]
    RETURN       [reduce using rule 50 (return_statement)]
    WHILE        [reduce using rule 50 (return_statement)]
    DO           [reduce using rule 50 (return_statement)]
    FOR          [reduce using rule 50 (return_statement)]
    IF           [reduce using rule 50 (return_statement)]
    SWITCH       [reduce using rule 50 (return_statement)]
    $default     reduce using rule 50 (return_statement)

    name                                go to state 48
    type                                go to state 49
    statement                           go to state 70
    return_statement                    go to state 52
    variable                            go to state 53
    statement_with_or_without_brackets  go to state 166
    while                               go to state 54
    if                                  go to state 55
    do_while                            go to state 56
    for                                 go to state 57
    switch                              go to state 58


State 136

   59 conditions: conditions AND . conditions

    QUOTE               shift, and go to state 91
    LEFT_ROUND_BRACKET  shift, and go to state 92
    NAME                shift, and go to state 10
    NUMBER              shift, and go to state 63
    TRUE_STR            shift, and go to state 64
    FALSE_STR           shift, and go to state 65

    expression  go to state 93
    name        go to state 94
    conditions  go to state 167
    condition   go to state 96


State 137

   60 conditions: conditions OR . conditions

    QUOTE               shift, and go to state 91
    LEFT_ROUND_BRACKET  shift, and go to state 92
    NAME                shift, and go to state 10
    NUMBER              shift, and go to state 63
    TRUE_STR            shift, and go to state 64
    FALSE_STR           shift, and go to state 65

    expression  go to state 93
    name        go to state 94
    conditions  go to state 168
    condition   go to state 96


State 138

   55 statement_with_or_without_brackets: LEFT_CURLY_BRACKET statements RIGHT_CURLY_BRACKET .

    $default  reduce using rule 55 (statement_with_or_without_brackets)


State 139

   78 do_while: DO statement_with_or_without_brackets WHILE LEFT_ROUND_BRACKET . conditions RIGHT_ROUND_BRACKET SEMICOLON

    QUOTE               shift, and go to state 91
    LEFT_ROUND_BRACKET  shift, and go to state 92
    NAME                shift, and go to state 10
    NUMBER              shift, and go to state 63
    TRUE_STR            shift, and go to state 64
    FALSE_STR           shift, and go to state 65

    expression  go to state 93
    name        go to state 94
    conditions  go to state 169
    condition   go to state 96


State 140

   59 conditions: conditions . AND conditions
   60           | conditions . OR conditions
   80 for_expression: SEMICOLON conditions . SEMICOLON
   82               | SEMICOLON conditions . SEMICOLON for_step

    SEMICOLON  shift, and go to state 170
    AND        shift, and go to state 136
    OR         shift, and go to state 137


State 141

   89 for_step: name EQUALS . expression

    LEFT_ROUND_BRACKET  shift, and go to state 62
    NAME                shift, and go to state 10
    NUMBER              shift, and go to state 63
    TRUE_STR            shift, and go to state 64
    FALSE_STR           shift, and go to state 65

    expression  go to state 171
    name        go to state 67


State 142

   87 for_step: name PLUS . PLUS
   90         | name PLUS . EQUALS expression

    EQUALS  shift, and go to state 172
    PLUS    shift, and go to state 173


State 143

   88 for_step: name MINUS . MINUS
   91         | name MINUS . EQUALS expression

    EQUALS  shift, and go to state 174
    MINUS   shift, and go to state 175


State 144

   92 for_step: name MULTIPLY . EQUALS expression

    EQUALS  shift, and go to state 176


State 145

   93 for_step: name DIVIDE . EQUALS expression

    EQUALS  shift, and go to state 177


State 146

   85 for_statement: type name . EQUALS expression

    EQUALS  shift, and go to state 178


State 147

   79 for: FOR LEFT_ROUND_BRACKET for_expression RIGHT_ROUND_BRACKET . statement_with_or_without_brackets

    LEFT_CURLY_BRACKET  shift, and go to state 69
    NAME                shift, and go to state 10
    INT_TYPE            shift, and go to state 12
    DOUBLE_TYPE         shift, and go to state 13
    FLOAT_TYPE          shift, and go to state 14
    CHAR_TYPE           shift, and go to state 15
    STRING_TYPE         shift, and go to state 16
    BOOL_TYPE           shift, and go to state 17
    PRINTF              shift, and go to state 41
    RETURN              shift, and go to state 42
    WHILE               shift, and go to state 43
    DO                  shift, and go to state 44
    FOR                 shift, and go to state 45
    IF                  shift, and go to state 46
    SWITCH              shift, and go to state 47

    NAME         [reduce using rule 50 (return_statement)]
    INT_TYPE     [reduce using rule 50 (return_statement)]
    DOUBLE_TYPE  [reduce using rule 50 (return_statement)]
    FLOAT_TYPE   [reduce using rule 50 (return_statement)]
    CHAR_TYPE    [reduce using rule 50 (return_statement)]
    STRING_TYPE  [reduce using rule 50 (return_statement)]
    BOOL_TYPE    [reduce using rule 50 (return_statement)]
    PRINTF       [reduce using rule 50 (return_statement)]
    RETURN       [reduce using rule 50 (return_statement)]
    WHILE        [reduce using rule 50 (return_statement)]
    DO           [reduce using rule 50 (return_statement)]
    FOR          [reduce using rule 50 (return_statement)]
    IF           [reduce using rule 50 (return_statement)]
    SWITCH       [reduce using rule 50 (return_statement)]
    $default     reduce using rule 50 (return_statement)

    name                                go to state 48
    type                                go to state 49
    statement                           go to state 70
    return_statement                    go to state 52
    variable                            go to state 53
    statement_with_or_without_brackets  go to state 179
    while                               go to state 54
    if                                  go to state 55
    do_while                            go to state 56
    for                                 go to state 57
    switch                              go to state 58


State 148

   81 for_expression: for_statement SEMICOLON . conditions SEMICOLON
   83               | for_statement SEMICOLON . conditions SEMICOLON for_step

    QUOTE               shift, and go to state 91
    LEFT_ROUND_BRACKET  shift, and go to state 92
    NAME                shift, and go to state 10
    NUMBER              shift, and go to state 63
    TRUE_STR            shift, and go to state 64
    FALSE_STR           shift, and go to state 65

    expression  go to state 93
    name        go to state 94
    conditions  go to state 180
    condition   go to state 96


State 149

   74 if: IF LEFT_ROUND_BRACKET conditions RIGHT_ROUND_BRACKET . statement_with_or_without_brackets else_ifs
   75   | IF LEFT_ROUND_BRACKET conditions RIGHT_ROUND_BRACKET . statement_with_or_without_brackets else_ifs ELSE statement_with_or_without_brackets

    LEFT_CURLY_BRACKET  shift, and go to state 69
    NAME                shift, and go to state 10
    INT_TYPE            shift, and go to state 12
    DOUBLE_TYPE         shift, and go to state 13
    FLOAT_TYPE          shift, and go to state 14
    CHAR_TYPE           shift, and go to state 15
    STRING_TYPE         shift, and go to state 16
    BOOL_TYPE           shift, and go to state 17
    PRINTF              shift, and go to state 41
    RETURN              shift, and go to state 42
    WHILE               shift, and go to state 43
    DO                  shift, and go to state 44
    FOR                 shift, and go to state 45
    IF                  shift, and go to state 46
    SWITCH              shift, and go to state 47

    NAME         [reduce using rule 50 (return_statement)]
    INT_TYPE     [reduce using rule 50 (return_statement)]
    DOUBLE_TYPE  [reduce using rule 50 (return_statement)]
    FLOAT_TYPE   [reduce using rule 50 (return_statement)]
    CHAR_TYPE    [reduce using rule 50 (return_statement)]
    STRING_TYPE  [reduce using rule 50 (return_statement)]
    BOOL_TYPE    [reduce using rule 50 (return_statement)]
    PRINTF       [reduce using rule 50 (return_statement)]
    RETURN       [reduce using rule 50 (return_statement)]
    WHILE        [reduce using rule 50 (return_statement)]
    DO           [reduce using rule 50 (return_statement)]
    FOR          [reduce using rule 50 (return_statement)]
    IF           [reduce using rule 50 (return_statement)]
    SWITCH       [reduce using rule 50 (return_statement)]
    $default     reduce using rule 50 (return_statement)

    name                                go to state 48
    type                                go to state 49
    statement                           go to state 70
    return_statement                    go to state 52
    variable                            go to state 53
    statement_with_or_without_brackets  go to state 181
    while                               go to state 54
    if                                  go to state 55
    do_while                            go to state 56
    for                                 go to state 57
    switch                              go to state 58


State 150

   94 switch: SWITCH LEFT_ROUND_BRACKET name RIGHT_ROUND_BRACKET . LEFT_CURLY_BRACKET cases RIGHT_CURLY_BRACKET
   95       | SWITCH LEFT_ROUND_BRACKET name RIGHT_ROUND_BRACKET . LEFT_CURLY_BRACKET cases default RIGHT_CURLY_BRACKET

    LEFT_CURLY_BRACKET  shift, and go to state 182


State 151

   37 statement: name EQUALS expression SEMICOLON .

    $default  reduce using rule 37 (statement)


State 152

   16 expression: expression . PLUS expression
   17           | expression . MINUS expression
   18           | expression . MULTIPLY expression
   19           | expression . DIVIDE expression
   38 statement: name PLUS EQUALS expression . SEMICOLON

    SEMICOLON  shift, and go to state 183
    PLUS       shift, and go to state 87
    MINUS      shift, and go to state 88
    MULTIPLY   shift, and go to state 89
    DIVIDE     shift, and go to state 90


State 153

   35 statement: name PLUS PLUS SEMICOLON .

    $default  reduce using rule 35 (statement)


State 154

   16 expression: expression . PLUS expression
   17           | expression . MINUS expression
   18           | expression . MULTIPLY expression
   19           | expression . DIVIDE expression
   39 statement: name MINUS EQUALS expression . SEMICOLON

    SEMICOLON  shift, and go to state 184
    PLUS       shift, and go to state 87
    MINUS      shift, and go to state 88
    MULTIPLY   shift, and go to state 89
    DIVIDE     shift, and go to state 90


State 155

   36 statement: name MINUS MINUS SEMICOLON .

    $default  reduce using rule 36 (statement)


State 156

   16 expression: expression . PLUS expression
   17           | expression . MINUS expression
   18           | expression . MULTIPLY expression
   19           | expression . DIVIDE expression
   40 statement: name MULTIPLY EQUALS expression . SEMICOLON

    SEMICOLON  shift, and go to state 185
    PLUS       shift, and go to state 87
    MINUS      shift, and go to state 88
    MULTIPLY   shift, and go to state 89
    DIVIDE     shift, and go to state 90


State 157

   16 expression: expression . PLUS expression
   17           | expression . MINUS expression
   18           | expression . MULTIPLY expression
   19           | expression . DIVIDE expression
   41 statement: name DIVIDE EQUALS expression . SEMICOLON

    SEMICOLON  shift, and go to state 186
    PLUS       shift, and go to state 87
    MINUS      shift, and go to state 88
    MULTIPLY   shift, and go to state 89
    DIVIDE     shift, and go to state 90


State 158

   16 expression: expression . PLUS expression
   17           | expression . MINUS expression
   18           | expression . MULTIPLY expression
   19           | expression . DIVIDE expression
   54 variable: type name EQUALS expression . SEMICOLON

    SEMICOLON  shift, and go to state 187
    PLUS       shift, and go to state 87
    MINUS      shift, and go to state 88
    MULTIPLY   shift, and go to state 89
    DIVIDE     shift, and go to state 90


State 159

   42 statement: PRINTF LEFT_ROUND_BRACKET QUOTE name QUOTE . RIGHT_ROUND_BRACKET SEMICOLON

    RIGHT_ROUND_BRACKET  shift, and go to state 188


State 160

   43 statement: PRINTF LEFT_ROUND_BRACKET QUOTE number QUOTE . RIGHT_ROUND_BRACKET SEMICOLON

    RIGHT_ROUND_BRACKET  shift, and go to state 189


State 161

   67 condition: QUOTE name QUOTE .

    $default  reduce using rule 67 (condition)


State 162

   64 condition: LEFT_ROUND_BRACKET name RIGHT_ROUND_BRACKET . condition_operand expression
   65          | LEFT_ROUND_BRACKET name RIGHT_ROUND_BRACKET . condition_operand LEFT_ROUND_BRACKET name RIGHT_ROUND_BRACKET

    RIGHT_ANGLE_BRACKET  shift, and go to state 128
    LEFT_ANGLE_BRACKET   shift, and go to state 129
    GREATER_EQUAL        shift, and go to state 130
    LESS_EQUAL           shift, and go to state 131
    EQUAL_EQUAL          shift, and go to state 132
    NOT_EQUAL            shift, and go to state 133

    condition_operand  go to state 190


State 163

   58 conditions: LEFT_ROUND_BRACKET conditions RIGHT_ROUND_BRACKET .

    $default  reduce using rule 58 (conditions)


State 164

   15 expression: LEFT_ROUND_BRACKET . expression RIGHT_ROUND_BRACKET
   66 condition: name condition_operand LEFT_ROUND_BRACKET . name RIGHT_ROUND_BRACKET

    LEFT_ROUND_BRACKET  shift, and go to state 62
    NAME                shift, and go to state 10
    NUMBER              shift, and go to state 63
    TRUE_STR            shift, and go to state 64
    FALSE_STR           shift, and go to state 65

    expression  go to state 85
    name        go to state 191


State 165

   16 expression: expression . PLUS expression
   17           | expression . MINUS expression
   18           | expression . MULTIPLY expression
   19           | expression . DIVIDE expression
   63 condition: name condition_operand expression .

    PLUS      shift, and go to state 87
    MINUS     shift, and go to state 88
    MULTIPLY  shift, and go to state 89
    DIVIDE    shift, and go to state 90

    $default  reduce using rule 63 (condition)


State 166

   57 while: WHILE LEFT_ROUND_BRACKET conditions RIGHT_ROUND_BRACKET statement_with_or_without_brackets .

    $default  reduce using rule 57 (while)


State 167

   59 conditions: conditions . AND conditions
   59           | conditions AND conditions .
   60           | conditions . OR conditions

    AND  shift, and go to state 136
    OR   shift, and go to state 137

    AND       [reduce using rule 59 (conditions)]
    OR        [reduce using rule 59 (conditions)]
    $default  reduce using rule 59 (conditions)


State 168

   59 conditions: conditions . AND conditions
   60           | conditions . OR conditions
   60           | conditions OR conditions .

    AND  shift, and go to state 136
    OR   shift, and go to state 137

    AND       [reduce using rule 60 (conditions)]
    OR        [reduce using rule 60 (conditions)]
    $default  reduce using rule 60 (conditions)


State 169

   59 conditions: conditions . AND conditions
   60           | conditions . OR conditions
   78 do_while: DO statement_with_or_without_brackets WHILE LEFT_ROUND_BRACKET conditions . RIGHT_ROUND_BRACKET SEMICOLON

    RIGHT_ROUND_BRACKET  shift, and go to state 192
    AND                  shift, and go to state 136
    OR                   shift, and go to state 137


State 170

   80 for_expression: SEMICOLON conditions SEMICOLON .
   82               | SEMICOLON conditions SEMICOLON . for_step

    NAME  shift, and go to state 10

    $default  reduce using rule 80 (for_expression)

    name      go to state 193
    for_step  go to state 194


State 171

   16 expression: expression . PLUS expression
   17           | expression . MINUS expression
   18           | expression . MULTIPLY expression
   19           | expression . DIVIDE expression
   89 for_step: name EQUALS expression .

    PLUS      shift, and go to state 87
    MINUS     shift, and go to state 88
    MULTIPLY  shift, and go to state 89
    DIVIDE    shift, and go to state 90

    $default  reduce using rule 89 (for_step)


State 172

   90 for_step: name PLUS EQUALS . expression

    LEFT_ROUND_BRACKET  shift, and go to state 62
    NAME                shift, and go to state 10
    NUMBER              shift, and go to state 63
    TRUE_STR            shift, and go to state 64
    FALSE_STR           shift, and go to state 65

    expression  go to state 195
    name        go to state 67


State 173

   87 for_step: name PLUS PLUS .

    $default  reduce using rule 87 (for_step)


State 174

   91 for_step: name MINUS EQUALS . expression

    LEFT_ROUND_BRACKET  shift, and go to state 62
    NAME                shift, and go to state 10
    NUMBER              shift, and go to state 63
    TRUE_STR            shift, and go to state 64
    FALSE_STR           shift, and go to state 65

    expression  go to state 196
    name        go to state 67


State 175

   88 for_step: name MINUS MINUS .

    $default  reduce using rule 88 (for_step)


State 176

   92 for_step: name MULTIPLY EQUALS . expression

    LEFT_ROUND_BRACKET  shift, and go to state 62
    NAME                shift, and go to state 10
    NUMBER              shift, and go to state 63
    TRUE_STR            shift, and go to state 64
    FALSE_STR           shift, and go to state 65

    expression  go to state 197
    name        go to state 67


State 177

   93 for_step: name DIVIDE EQUALS . expression

    LEFT_ROUND_BRACKET  shift, and go to state 62
    NAME                shift, and go to state 10
    NUMBER              shift, and go to state 63
    TRUE_STR            shift, and go to state 64
    FALSE_STR           shift, and go to state 65

    expression  go to state 198
    name        go to state 67


State 178

   85 for_statement: type name EQUALS . expression

    LEFT_ROUND_BRACKET  shift, and go to state 62
    NAME                shift, and go to state 10
    NUMBER              shift, and go to state 63
    TRUE_STR            shift, and go to state 64
    FALSE_STR           shift, and go to state 65

    expression  go to state 199
    name        go to state 67


State 179

   79 for: FOR LEFT_ROUND_BRACKET for_expression RIGHT_ROUND_BRACKET statement_with_or_without_brackets .

    $default  reduce using rule 79 (for)


State 180

   59 conditions: conditions . AND conditions
   60           | conditions . OR conditions
   81 for_expression: for_statement SEMICOLON conditions . SEMICOLON
   83               | for_statement SEMICOLON conditions . SEMICOLON for_step

    SEMICOLON  shift, and go to state 200
    AND        shift, and go to state 136
    OR         shift, and go to state 137


State 181

   74 if: IF LEFT_ROUND_BRACKET conditions RIGHT_ROUND_BRACKET statement_with_or_without_brackets . else_ifs
   75   | IF LEFT_ROUND_BRACKET conditions RIGHT_ROUND_BRACKET statement_with_or_without_brackets . else_ifs ELSE statement_with_or_without_brackets

    ELSEIF  shift, and go to state 201

    ELSEIF    [reduce using rule 77 (else_ifs)]
    $default  reduce using rule 77 (else_ifs)

    else_ifs  go to state 202


State 182

   94 switch: SWITCH LEFT_ROUND_BRACKET name RIGHT_ROUND_BRACKET LEFT_CURLY_BRACKET . cases RIGHT_CURLY_BRACKET
   95       | SWITCH LEFT_ROUND_BRACKET name RIGHT_ROUND_BRACKET LEFT_CURLY_BRACKET . cases default RIGHT_CURLY_BRACKET

    CASE  shift, and go to state 203

    cases  go to state 204
    case   go to state 205


State 183

   38 statement: name PLUS EQUALS expression SEMICOLON .

    $default  reduce using rule 38 (statement)


State 184

   39 statement: name MINUS EQUALS expression SEMICOLON .

    $default  reduce using rule 39 (statement)


State 185

   40 statement: name MULTIPLY EQUALS expression SEMICOLON .

    $default  reduce using rule 40 (statement)


State 186

   41 statement: name DIVIDE EQUALS expression SEMICOLON .

    $default  reduce using rule 41 (statement)


State 187

   54 variable: type name EQUALS expression SEMICOLON .

    $default  reduce using rule 54 (variable)


State 188

   42 statement: PRINTF LEFT_ROUND_BRACKET QUOTE name QUOTE RIGHT_ROUND_BRACKET . SEMICOLON

    SEMICOLON  shift, and go to state 206


State 189

   43 statement: PRINTF LEFT_ROUND_BRACKET QUOTE number QUOTE RIGHT_ROUND_BRACKET . SEMICOLON

    SEMICOLON  shift, and go to state 207


State 190

   64 condition: LEFT_ROUND_BRACKET name RIGHT_ROUND_BRACKET condition_operand . expression
   65          | LEFT_ROUND_BRACKET name RIGHT_ROUND_BRACKET condition_operand . LEFT_ROUND_BRACKET name RIGHT_ROUND_BRACKET

    LEFT_ROUND_BRACKET  shift, and go to state 208
    NAME                shift, and go to state 10
    NUMBER              shift, and go to state 63
    TRUE_STR            shift, and go to state 64
    FALSE_STR           shift, and go to state 65

    expression  go to state 209
    name        go to state 67


State 191

   21 expression: name .
   66 condition: name condition_operand LEFT_ROUND_BRACKET name . RIGHT_ROUND_BRACKET

    RIGHT_ROUND_BRACKET  shift, and go to state 210

    RIGHT_ROUND_BRACKET  [reduce using rule 21 (expression)]
    $default             reduce using rule 21 (expression)


State 192

   78 do_while: DO statement_with_or_without_brackets WHILE LEFT_ROUND_BRACKET conditions RIGHT_ROUND_BRACKET . SEMICOLON

    SEMICOLON  shift, and go to state 211


State 193

   87 for_step: name . PLUS PLUS
   88         | name . MINUS MINUS
   89         | name . EQUALS expression
   90         | name . PLUS EQUALS expression
   91         | name . MINUS EQUALS expression
   92         | name . MULTIPLY EQUALS expression
   93         | name . DIVIDE EQUALS expression

    EQUALS    shift, and go to state 141
    PLUS      shift, and go to state 142
    MINUS     shift, and go to state 143
    MULTIPLY  shift, and go to state 144
    DIVIDE    shift, and go to state 145


State 194

   82 for_expression: SEMICOLON conditions SEMICOLON for_step .

    $default  reduce using rule 82 (for_expression)


State 195

   16 expression: expression . PLUS expression
   17           | expression . MINUS expression
   18           | expression . MULTIPLY expression
   19           | expression . DIVIDE expression
   90 for_step: name PLUS EQUALS expression .

    PLUS      shift, and go to state 87
    MINUS     shift, and go to state 88
    MULTIPLY  shift, and go to state 89
    DIVIDE    shift, and go to state 90

    $default  reduce using rule 90 (for_step)


State 196

   16 expression: expression . PLUS expression
   17           | expression . MINUS expression
   18           | expression . MULTIPLY expression
   19           | expression . DIVIDE expression
   91 for_step: name MINUS EQUALS expression .

    PLUS      shift, and go to state 87
    MINUS     shift, and go to state 88
    MULTIPLY  shift, and go to state 89
    DIVIDE    shift, and go to state 90

    $default  reduce using rule 91 (for_step)


State 197

   16 expression: expression . PLUS expression
   17           | expression . MINUS expression
   18           | expression . MULTIPLY expression
   19           | expression . DIVIDE expression
   92 for_step: name MULTIPLY EQUALS expression .

    PLUS      shift, and go to state 87
    MINUS     shift, and go to state 88
    MULTIPLY  shift, and go to state 89
    DIVIDE    shift, and go to state 90

    $default  reduce using rule 92 (for_step)


State 198

   16 expression: expression . PLUS expression
   17           | expression . MINUS expression
   18           | expression . MULTIPLY expression
   19           | expression . DIVIDE expression
   93 for_step: name DIVIDE EQUALS expression .

    PLUS      shift, and go to state 87
    MINUS     shift, and go to state 88
    MULTIPLY  shift, and go to state 89
    DIVIDE    shift, and go to state 90

    $default  reduce using rule 93 (for_step)


State 199

   16 expression: expression . PLUS expression
   17           | expression . MINUS expression
   18           | expression . MULTIPLY expression
   19           | expression . DIVIDE expression
   85 for_statement: type name EQUALS expression .

    PLUS      shift, and go to state 87
    MINUS     shift, and go to state 88
    MULTIPLY  shift, and go to state 89
    DIVIDE    shift, and go to state 90

    $default  reduce using rule 85 (for_statement)


State 200

   81 for_expression: for_statement SEMICOLON conditions SEMICOLON .
   83               | for_statement SEMICOLON conditions SEMICOLON . for_step

    NAME  shift, and go to state 10

    $default  reduce using rule 81 (for_expression)

    name      go to state 193
    for_step  go to state 212


State 201

   76 else_ifs: ELSEIF . LEFT_ROUND_BRACKET conditions RIGHT_ROUND_BRACKET statement_with_or_without_brackets

    LEFT_ROUND_BRACKET  shift, and go to state 213


State 202

   74 if: IF LEFT_ROUND_BRACKET conditions RIGHT_ROUND_BRACKET statement_with_or_without_brackets else_ifs .
   75   | IF LEFT_ROUND_BRACKET conditions RIGHT_ROUND_BRACKET statement_with_or_without_brackets else_ifs . ELSE statement_with_or_without_brackets

    ELSE  shift, and go to state 214

    ELSE      [reduce using rule 74 (if)]
    $default  reduce using rule 74 (if)


State 203

   98 case: CASE . value COLON statements break

    QUOTE   shift, and go to state 215
    NUMBER  shift, and go to state 116

    number  go to state 216
    value   go to state 217


State 204

   94 switch: SWITCH LEFT_ROUND_BRACKET name RIGHT_ROUND_BRACKET LEFT_CURLY_BRACKET cases . RIGHT_CURLY_BRACKET
   95       | SWITCH LEFT_ROUND_BRACKET name RIGHT_ROUND_BRACKET LEFT_CURLY_BRACKET cases . default RIGHT_CURLY_BRACKET

    RIGHT_CURLY_BRACKET  shift, and go to state 218
    DEFAULT              shift, and go to state 219

    default  go to state 220


State 205

   96 cases: case . cases
   97      | case .

    CASE  shift, and go to state 203

    $default  reduce using rule 97 (cases)

    cases  go to state 221
    case   go to state 205


State 206

   42 statement: PRINTF LEFT_ROUND_BRACKET QUOTE name QUOTE RIGHT_ROUND_BRACKET SEMICOLON .

    $default  reduce using rule 42 (statement)


State 207

   43 statement: PRINTF LEFT_ROUND_BRACKET QUOTE number QUOTE RIGHT_ROUND_BRACKET SEMICOLON .

    $default  reduce using rule 43 (statement)


State 208

   15 expression: LEFT_ROUND_BRACKET . expression RIGHT_ROUND_BRACKET
   65 condition: LEFT_ROUND_BRACKET name RIGHT_ROUND_BRACKET condition_operand LEFT_ROUND_BRACKET . name RIGHT_ROUND_BRACKET

    LEFT_ROUND_BRACKET  shift, and go to state 62
    NAME                shift, and go to state 10
    NUMBER              shift, and go to state 63
    TRUE_STR            shift, and go to state 64
    FALSE_STR           shift, and go to state 65

    expression  go to state 85
    name        go to state 222


State 209

   16 expression: expression . PLUS expression
   17           | expression . MINUS expression
   18           | expression . MULTIPLY expression
   19           | expression . DIVIDE expression
   64 condition: LEFT_ROUND_BRACKET name RIGHT_ROUND_BRACKET condition_operand expression .

    PLUS      shift, and go to state 87
    MINUS     shift, and go to state 88
    MULTIPLY  shift, and go to state 89
    DIVIDE    shift, and go to state 90

    $default  reduce using rule 64 (condition)


State 210

   66 condition: name condition_operand LEFT_ROUND_BRACKET name RIGHT_ROUND_BRACKET .

    $default  reduce using rule 66 (condition)


State 211

   78 do_while: DO statement_with_or_without_brackets WHILE LEFT_ROUND_BRACKET conditions RIGHT_ROUND_BRACKET SEMICOLON .

    $default  reduce using rule 78 (do_while)


State 212

   83 for_expression: for_statement SEMICOLON conditions SEMICOLON for_step .

    $default  reduce using rule 83 (for_expression)


State 213

   76 else_ifs: ELSEIF LEFT_ROUND_BRACKET . conditions RIGHT_ROUND_BRACKET statement_with_or_without_brackets

    QUOTE               shift, and go to state 91
    LEFT_ROUND_BRACKET  shift, and go to state 92
    NAME                shift, and go to state 10
    NUMBER              shift, and go to state 63
    TRUE_STR            shift, and go to state 64
    FALSE_STR           shift, and go to state 65

    expression  go to state 93
    name        go to state 94
    conditions  go to state 223
    condition   go to state 96


State 214

   75 if: IF LEFT_ROUND_BRACKET conditions RIGHT_ROUND_BRACKET statement_with_or_without_brackets else_ifs ELSE . statement_with_or_without_brackets

    LEFT_CURLY_BRACKET  shift, and go to state 69
    NAME                shift, and go to state 10
    INT_TYPE            shift, and go to state 12
    DOUBLE_TYPE         shift, and go to state 13
    FLOAT_TYPE          shift, and go to state 14
    CHAR_TYPE           shift, and go to state 15
    STRING_TYPE         shift, and go to state 16
    BOOL_TYPE           shift, and go to state 17
    PRINTF              shift, and go to state 41
    RETURN              shift, and go to state 42
    WHILE               shift, and go to state 43
    DO                  shift, and go to state 44
    FOR                 shift, and go to state 45
    IF                  shift, and go to state 46
    SWITCH              shift, and go to state 47

    NAME         [reduce using rule 50 (return_statement)]
    INT_TYPE     [reduce using rule 50 (return_statement)]
    DOUBLE_TYPE  [reduce using rule 50 (return_statement)]
    FLOAT_TYPE   [reduce using rule 50 (return_statement)]
    CHAR_TYPE    [reduce using rule 50 (return_statement)]
    STRING_TYPE  [reduce using rule 50 (return_statement)]
    BOOL_TYPE    [reduce using rule 50 (return_statement)]
    PRINTF       [reduce using rule 50 (return_statement)]
    RETURN       [reduce using rule 50 (return_statement)]
    WHILE        [reduce using rule 50 (return_statement)]
    DO           [reduce using rule 50 (return_statement)]
    FOR          [reduce using rule 50 (return_statement)]
    IF           [reduce using rule 50 (return_statement)]
    SWITCH       [reduce using rule 50 (return_statement)]
    $default     reduce using rule 50 (return_statement)

    name                                go to state 48
    type                                go to state 49
    statement                           go to state 70
    return_statement                    go to state 52
    variable                            go to state 53
    statement_with_or_without_brackets  go to state 224
    while                               go to state 54
    if                                  go to state 55
    do_while                            go to state 56
    for                                 go to state 57
    switch                              go to state 58


State 215

   99 value: QUOTE . name QUOTE

    NAME  shift, and go to state 10

    name  go to state 225


State 216

  100 value: number .

    $default  reduce using rule 100 (value)


State 217

   98 case: CASE value . COLON statements break

    COLON  shift, and go to state 226


State 218

   94 switch: SWITCH LEFT_ROUND_BRACKET name RIGHT_ROUND_BRACKET LEFT_CURLY_BRACKET cases RIGHT_CURLY_BRACKET .

    $default  reduce using rule 94 (switch)


State 219

  103 default: DEFAULT . COLON statements break

    COLON  shift, and go to state 227


State 220

   95 switch: SWITCH LEFT_ROUND_BRACKET name RIGHT_ROUND_BRACKET LEFT_CURLY_BRACKET cases default . RIGHT_CURLY_BRACKET

    RIGHT_CURLY_BRACKET  shift, and go to state 228


State 221

   96 cases: case cases .

    $default  reduce using rule 96 (cases)


State 222

   21 expression: name .
   65 condition: LEFT_ROUND_BRACKET name RIGHT_ROUND_BRACKET condition_operand LEFT_ROUND_BRACKET name . RIGHT_ROUND_BRACKET

    RIGHT_ROUND_BRACKET  shift, and go to state 229

    RIGHT_ROUND_BRACKET  [reduce using rule 21 (expression)]
    $default             reduce using rule 21 (expression)


State 223

   59 conditions: conditions . AND conditions
   60           | conditions . OR conditions
   76 else_ifs: ELSEIF LEFT_ROUND_BRACKET conditions . RIGHT_ROUND_BRACKET statement_with_or_without_brackets

    RIGHT_ROUND_BRACKET  shift, and go to state 230
    AND                  shift, and go to state 136
    OR                   shift, and go to state 137


State 224

   75 if: IF LEFT_ROUND_BRACKET conditions RIGHT_ROUND_BRACKET statement_with_or_without_brackets else_ifs ELSE statement_with_or_without_brackets .

    $default  reduce using rule 75 (if)


State 225

   99 value: QUOTE name . QUOTE

    QUOTE  shift, and go to state 231


State 226

   98 case: CASE value COLON . statements break

    NAME         shift, and go to state 10
    INT_TYPE     shift, and go to state 12
    DOUBLE_TYPE  shift, and go to state 13
    FLOAT_TYPE   shift, and go to state 14
    CHAR_TYPE    shift, and go to state 15
    STRING_TYPE  shift, and go to state 16
    BOOL_TYPE    shift, and go to state 17
    PRINTF       shift, and go to state 41
    RETURN       shift, and go to state 42
    WHILE        shift, and go to state 43
    DO           shift, and go to state 44
    FOR          shift, and go to state 45
    IF           shift, and go to state 46
    SWITCH       shift, and go to state 47

    RIGHT_CURLY_BRACKET  reduce using rule 33 (statements)
    RIGHT_CURLY_BRACKET  [reduce using rule 50 (return_statement)]
    NAME                 [reduce using rule 50 (return_statement)]
    INT_TYPE             [reduce using rule 50 (return_statement)]
    DOUBLE_TYPE          [reduce using rule 50 (return_statement)]
    FLOAT_TYPE           [reduce using rule 50 (return_statement)]
    CHAR_TYPE            [reduce using rule 50 (return_statement)]
    STRING_TYPE          [reduce using rule 50 (return_statement)]
    BOOL_TYPE            [reduce using rule 50 (return_statement)]
    PRINTF               [reduce using rule 50 (return_statement)]
    RETURN               [reduce using rule 50 (return_statement)]
    WHILE                [reduce using rule 50 (return_statement)]
    DO                   [reduce using rule 50 (return_statement)]
    FOR                  [reduce using rule 50 (return_statement)]
    IF                   [reduce using rule 50 (return_statement)]
    SWITCH               [reduce using rule 50 (return_statement)]
    CASE                 reduce using rule 33 (statements)
    CASE                 [reduce using rule 50 (return_statement)]
    BREAK                reduce using rule 33 (statements)
    BREAK                [reduce using rule 50 (return_statement)]
    DEFAULT              reduce using rule 33 (statements)
    DEFAULT              [reduce using rule 50 (return_statement)]
    $default             reduce using rule 33 (statements)

    name              go to state 48
    type              go to state 49
    statements        go to state 232
    statement         go to state 51
    return_statement  go to state 52
    variable          go to state 53
    while             go to state 54
    if                go to state 55
    do_while          go to state 56
    for               go to state 57
    switch            go to state 58


State 227

  103 default: DEFAULT COLON . statements break

    NAME         shift, and go to state 10
    INT_TYPE     shift, and go to state 12
    DOUBLE_TYPE  shift, and go to state 13
    FLOAT_TYPE   shift, and go to state 14
    CHAR_TYPE    shift, and go to state 15
    STRING_TYPE  shift, and go to state 16
    BOOL_TYPE    shift, and go to state 17
    PRINTF       shift, and go to state 41
    RETURN       shift, and go to state 42
    WHILE        shift, and go to state 43
    DO           shift, and go to state 44
    FOR          shift, and go to state 45
    IF           shift, and go to state 46
    SWITCH       shift, and go to state 47

    RIGHT_CURLY_BRACKET  reduce using rule 33 (statements)
    RIGHT_CURLY_BRACKET  [reduce using rule 50 (return_statement)]
    NAME                 [reduce using rule 50 (return_statement)]
    INT_TYPE             [reduce using rule 50 (return_statement)]
    DOUBLE_TYPE          [reduce using rule 50 (return_statement)]
    FLOAT_TYPE           [reduce using rule 50 (return_statement)]
    CHAR_TYPE            [reduce using rule 50 (return_statement)]
    STRING_TYPE          [reduce using rule 50 (return_statement)]
    BOOL_TYPE            [reduce using rule 50 (return_statement)]
    PRINTF               [reduce using rule 50 (return_statement)]
    RETURN               [reduce using rule 50 (return_statement)]
    WHILE                [reduce using rule 50 (return_statement)]
    DO                   [reduce using rule 50 (return_statement)]
    FOR                  [reduce using rule 50 (return_statement)]
    IF                   [reduce using rule 50 (return_statement)]
    SWITCH               [reduce using rule 50 (return_statement)]
    BREAK                reduce using rule 33 (statements)
    BREAK                [reduce using rule 50 (return_statement)]
    $default             reduce using rule 33 (statements)

    name              go to state 48
    type              go to state 49
    statements        go to state 233
    statement         go to state 51
    return_statement  go to state 52
    variable          go to state 53
    while             go to state 54
    if                go to state 55
    do_while          go to state 56
    for               go to state 57
    switch            go to state 58


State 228

   95 switch: SWITCH LEFT_ROUND_BRACKET name RIGHT_ROUND_BRACKET LEFT_CURLY_BRACKET cases default RIGHT_CURLY_BRACKET .

    $default  reduce using rule 95 (switch)


State 229

   65 condition: LEFT_ROUND_BRACKET name RIGHT_ROUND_BRACKET condition_operand LEFT_ROUND_BRACKET name RIGHT_ROUND_BRACKET .

    $default  reduce using rule 65 (condition)


State 230

   76 else_ifs: ELSEIF LEFT_ROUND_BRACKET conditions RIGHT_ROUND_BRACKET . statement_with_or_without_brackets

    LEFT_CURLY_BRACKET  shift, and go to state 69
    NAME                shift, and go to state 10
    INT_TYPE            shift, and go to state 12
    DOUBLE_TYPE         shift, and go to state 13
    FLOAT_TYPE          shift, and go to state 14
    CHAR_TYPE           shift, and go to state 15
    STRING_TYPE         shift, and go to state 16
    BOOL_TYPE           shift, and go to state 17
    PRINTF              shift, and go to state 41
    RETURN              shift, and go to state 42
    WHILE               shift, and go to state 43
    DO                  shift, and go to state 44
    FOR                 shift, and go to state 45
    IF                  shift, and go to state 46
    SWITCH              shift, and go to state 47

    NAME         [reduce using rule 50 (return_statement)]
    INT_TYPE     [reduce using rule 50 (return_statement)]
    DOUBLE_TYPE  [reduce using rule 50 (return_statement)]
    FLOAT_TYPE   [reduce using rule 50 (return_statement)]
    CHAR_TYPE    [reduce using rule 50 (return_statement)]
    STRING_TYPE  [reduce using rule 50 (return_statement)]
    BOOL_TYPE    [reduce using rule 50 (return_statement)]
    PRINTF       [reduce using rule 50 (return_statement)]
    RETURN       [reduce using rule 50 (return_statement)]
    WHILE        [reduce using rule 50 (return_statement)]
    DO           [reduce using rule 50 (return_statement)]
    FOR          [reduce using rule 50 (return_statement)]
    IF           [reduce using rule 50 (return_statement)]
    SWITCH       [reduce using rule 50 (return_statement)]
    $default     reduce using rule 50 (return_statement)

    name                                go to state 48
    type                                go to state 49
    statement                           go to state 70
    return_statement                    go to state 52
    variable                            go to state 53
    statement_with_or_without_brackets  go to state 234
    while                               go to state 54
    if                                  go to state 55
    do_while                            go to state 56
    for                                 go to state 57
    switch                              go to state 58


State 231

   99 value: QUOTE name QUOTE .

    $default  reduce using rule 99 (value)


State 232

   98 case: CASE value COLON statements . break

    BREAK  shift, and go to state 235

    $default  reduce using rule 102 (break)

    break  go to state 236


State 233

  103 default: DEFAULT COLON statements . break

    BREAK  shift, and go to state 235

    $default  reduce using rule 102 (break)

    break  go to state 237


State 234

   76 else_ifs: ELSEIF LEFT_ROUND_BRACKET conditions RIGHT_ROUND_BRACKET statement_with_or_without_brackets .

    $default  reduce using rule 76 (else_ifs)


State 235

  101 break: BREAK . SEMICOLON

    SEMICOLON  shift, and go to state 238


State 236

   98 case: CASE value COLON statements break .

    $default  reduce using rule 98 (case)


State 237

  103 default: DEFAULT COLON statements break .

    $default  reduce using rule 103 (default)


State 238

  101 break: BREAK SEMICOLON .

    $default  reduce using rule 101 (break)
